{"message":"Listening on port 8000","level":"info"}
{"message":"Processing Request:: URL: /api/url/generate, URL: http://paakcmd.space","level":"info"}
{"message":"Listening on port 62475","level":"info"}
{"message":"Processing Request:: URL: /api/url/generate, URL: http://paakcmd.space","level":"info"}
{"message":"Listening on port 62477","level":"info"}
{"message":"Listening on port 62479","level":"info"}
{"message":"Listening on port 62481","level":"info"}
{"message":"Listening on port 62483","level":"info"}
{"message":"Listening on port 62485","level":"info"}
{"message":"Processing Request:: URL: /api/url/generate, URL: http://dberror.com","level":"info"}
{"message":"ERROR AT GETSHORTENURL: {\"error\":{\"msg_key\":\"database_error\",\"details\":\"test database error\"}}","level":"error"}
{"message":"Listening on port 62487","level":"info"}
{"message":"Processing Request:: /api/url/SHBeznzF","level":"info"}
{"message":"Listening on port 62490","level":"info"}
{"message":"Processing Request:: /api/url/neverexp","level":"info"}
{"message":"Listening on port 62492","level":"info"}
{"message":"Processing Request:: /api/url/expire01","level":"info"}
{"message":"ID: http://paakcmd.space: IS EXPIRED (1)","level":"info"}
{"message":"ERROR AT GETURL: {\"error\":{\"msg_key\":\"expired\",\"details\":\"The shorten url is expired\",\"statusCode\":400}}","level":"error"}
{"message":"Listening on port 62494","level":"info"}
{"message":"Listening on port 62496","level":"info"}
{"message":"Listening on port 62498","level":"info"}
{"message":"Listening on port 62500","level":"info"}
{"message":"Listening on port 62502","level":"info"}
{"message":"Processing Request:: /api/url/notfound","level":"info"}
{"message":"ERROR AT GETURL: {\"error\":{\"msg_key\":\"not_found\",\"details\":\"no records for this short url\",\"statusCode\":404}}","level":"error"}
{"message":"Listening on port 62504","level":"info"}
{"message":"Processing Request:: /api/url/dberror1","level":"info"}
{"message":"ERROR AT GETURL: {\"error\":{\"msg_key\":\"database_error\",\"details\":\"test database error\",\"statusCode\":500}}","level":"error"}
{"message":"Listening on port 8000","level":"info"}
{"message":"Processing Request:: URL: /api/url/generate, URL: http://paakcmd.space","level":"info"}
{"message":"Listening on port 62610","level":"info"}
{"message":"Processing Request:: URL: /api/url/generate, URL: http://paakcmd.space","level":"info"}
{"message":"Listening on port 62612","level":"info"}
{"message":"Listening on port 62614","level":"info"}
{"message":"Listening on port 62616","level":"info"}
{"message":"Listening on port 62618","level":"info"}
{"message":"Listening on port 62620","level":"info"}
{"message":"Processing Request:: URL: /api/url/generate, URL: http://dberror.com","level":"info"}
{"message":"ERROR AT GETSHORTENURL: {\"error\":{\"msg_key\":\"database_error\",\"details\":\"test database error\"}}","level":"error"}
{"message":"Listening on port 62622","level":"info"}
{"message":"Processing Request:: /api/url/SHBeznzF","level":"info"}
{"message":"Listening on port 62624","level":"info"}
{"message":"Processing Request:: /api/url/neverexp","level":"info"}
{"message":"Listening on port 62626","level":"info"}
{"message":"Processing Request:: /api/url/expire01","level":"info"}
{"message":"ID: http://paakcmd.space: IS EXPIRED (1)","level":"info"}
{"message":"ERROR AT GETURL: {\"error\":{\"msg_key\":\"expired\",\"details\":\"The shorten url is expired\",\"statusCode\":400}}","level":"error"}
{"message":"Listening on port 62628","level":"info"}
{"message":"Listening on port 62630","level":"info"}
{"message":"Listening on port 62632","level":"info"}
{"message":"Listening on port 62634","level":"info"}
{"message":"Listening on port 62636","level":"info"}
{"message":"Processing Request:: /api/url/notfound","level":"info"}
{"message":"ERROR AT GETURL: {\"error\":{\"msg_key\":\"not_found\",\"details\":\"no records for this short url\",\"statusCode\":404}}","level":"error"}
{"message":"Listening on port 62638","level":"info"}
{"message":"Processing Request:: /api/url/dberror1","level":"info"}
{"message":"ERROR AT GETURL: {\"error\":{\"msg_key\":\"database_error\",\"details\":\"test database error\",\"statusCode\":500}}","level":"error"}
{"message":"Listening on port 8081","level":"info"}
